Traceback (most recent call last):
  File "/home/pat/anaconda3/lib/python3.9/site-packages/jupyter_cache/executors/utils.py", line 58, in single_nb_execution
    executenb(
  File "/home/pat/anaconda3/lib/python3.9/site-packages/nbclient/client.py", line 1112, in execute
    return NotebookClient(nb=nb, resources=resources, km=km, **kwargs).execute()
  File "/home/pat/anaconda3/lib/python3.9/site-packages/nbclient/util.py", line 74, in wrapped
    return just_run(coro(*args, **kwargs))
  File "/home/pat/anaconda3/lib/python3.9/site-packages/nbclient/util.py", line 53, in just_run
    return loop.run_until_complete(coro)
  File "/home/pat/anaconda3/lib/python3.9/asyncio/base_events.py", line 642, in run_until_complete
    return future.result()
  File "/home/pat/anaconda3/lib/python3.9/site-packages/nbclient/client.py", line 553, in async_execute
    await self.async_execute_cell(
  File "/home/pat/anaconda3/lib/python3.9/site-packages/nbclient/client.py", line 857, in async_execute_cell
    self._check_raise_for_error(cell, exec_reply)
  File "/home/pat/anaconda3/lib/python3.9/site-packages/nbclient/client.py", line 760, in _check_raise_for_error
    raise CellExecutionError.from_cell_and_msg(cell, exec_reply_content)
nbclient.exceptions.CellExecutionError: An error occurred while executing the following cell:
------------------
save_config=dict(file_name='Term Structure September 15 2022.pdf',
                 volume='Basic Concepts Fixed Income',
                 chapter= 'One')
# Define the labels for the x-axis, representing different maturities.
xaxis = ['One', 'Two', 'Three', 'Six', 'Twelve']

# Define the specific date for which the term structure will be plotted.
string_date = '09/15/2022'

# Get the integer location (row index) of the specified 'string_date' in the DataFrame's index..
loc = Tbill_data_excel.index.get_indexer([string_date])[0]

# Prepare the data to be plotted on the y-axis (as %).
data = [spot_rates[loc]*100, forward_rates[loc]*100]

# Attempt to extract the plot title from the file name.
try:
    title = os.path.splitext(save_config['file_name'])[0]
#'file_name key not found set a default title.
except:
    title = 'September 15, 2022'

# Define the names for the data series that will appear in the plot's legend.
series = ['Spot Rate', 'Forward Rate']

# Define the label for the y-axis.
ylabel = 'Continuous Compounded Annualized % Rates'

# Define the label for the x-axis.
xlabel = 'Maturity In Months'

#'data' contains two series (spot and forward rates).
x = len(data)

# Define markers for the plot.
markers = ['<','>']*round(x/2+x%2+0.001)

# Define the lower bound for the y-axis.
lower = 0

# Define the upper bound for the y-axis.
# considering NaN values (not a number) and adds a small buffer (0.5) for padding.
upper = max(np.nanmax(data[0]), np.nanmax(data[1])) + 0.5

# Define the y-axis limits (minimum and maximum values).
ylim = [lower, upper]

# Define the size of the plot (width, height) in inches.
size = (10, 6)
# Define colors as red and blue
colors=['r','b']
# This function generates and possibly saves a plot.
one_y_axis(xaxis, data, title, series, xlabel, ylabel, markers, size, ylim,
           save_config=save_config,colors=colors)
------------------

[0;31m---------------------------------------------------------------------------[0m
[0;31mStdinNotImplementedError[0m                  Traceback (most recent call last)
[0;32m/tmp/ipykernel_44882/213374803.py[0m in [0;36m<module>[0;34m[0m
[1;32m     51[0m [0mcolors[0m[0;34m=[0m[0;34m[[0m[0;34m'r'[0m[0;34m,[0m[0;34m'b'[0m[0;34m][0m[0;34m[0m[0;34m[0m[0m
[1;32m     52[0m [0;31m# This function generates and possibly saves a plot.[0m[0;34m[0m[0;34m[0m[0m
[0;32m---> 53[0;31m one_y_axis(xaxis, data, title, series, xlabel, ylabel, markers, size, ylim,
[0m[1;32m     54[0m            save_config=save_config,colors=colors)

[0;32m<string>[0m in [0;36mone_y_axis[0;34m(x_data, y_data_list, title, series_labels, xlabel, ylabel, markers, figure_size, y_limits, save_config, fill_config, colors)[0m

[0;32m<string>[0m in [0;36msave_results[0;34m(save_config)[0m

[0;32m~/anaconda3/lib/python3.9/site-packages/ipykernel/kernelbase.py[0m in [0;36mraw_input[0;34m(self, prompt)[0m
[1;32m   1272[0m         [0;32mif[0m [0;32mnot[0m [0mself[0m[0;34m.[0m[0m_allow_stdin[0m[0;34m:[0m[0;34m[0m[0;34m[0m[0m
[1;32m   1273[0m             [0mmsg[0m [0;34m=[0m [0;34m"raw_input was called, but this frontend does not support input requests."[0m[0;34m[0m[0;34m[0m[0m
[0;32m-> 1274[0;31m             [0;32mraise[0m [0mStdinNotImplementedError[0m[0;34m([0m[0mmsg[0m[0;34m)[0m[0;34m[0m[0;34m[0m[0m
[0m[1;32m   1275[0m         return self._input_request(
[1;32m   1276[0m             [0mstr[0m[0;34m([0m[0mprompt[0m[0;34m)[0m[0;34m,[0m[0;34m[0m[0;34m[0m[0m

[0;31mStdinNotImplementedError[0m: raw_input was called, but this frontend does not support input requests.
StdinNotImplementedError: raw_input was called, but this frontend does not support input requests.

